c:\users\kolya\source\repos\kursach\kursach\x64\debug\vc141.pdb
c:\users\kolya\source\repos\kursach\kursach\x64\debug\vc141.idb
c:\users\kolya\source\repos\kursach\kursach\x64\debug\select_ball.obj
c:\users\kolya\source\repos\kursach\kursach\x64\debug\ball_shape.obj
c:\users\kolya\source\repos\kursach\kursach\x64\debug\mywindow.obj
c:\users\kolya\source\repos\kursach\kursach\x64\debug\main.obj
c:\users\kolya\source\repos\kursach\kursach\x64\debug\manager_events.obj
c:\users\kolya\source\repos\kursach\kursach\x64\debug\game.obj
c:\users\kolya\source\repos\kursach\kursach\x64\debug\collision_manager.obj
c:\users\kolya\source\repos\kursach\kursach\x64\debug\vector_rad.obj
c:\users\kolya\source\repos\kursach\kursach\x64\debug\energy.obj
c:\users\kolya\source\repos\kursach\kursach\x64\debug\vector.obj
c:\users\kolya\source\repos\kursach\kursach\x64\debug\rectangle_shape.obj
c:\users\kolya\source\repos\kursach\kursach\x64\debug\rectangle_collision.obj
c:\users\kolya\source\repos\kursach\kursach\x64\debug\draw_rect.obj
c:\users\kolya\source\repos\kursach\kursach\x64\debug\ball_collision.obj
c:\users\kolya\source\repos\kursach\kursach\x64\debug\button.obj
c:\users\kolya\source\repos\kursach\kursach\x64\debug\menu.obj
c:\users\kolya\source\repos\kursach\kursach\x64\debug\draw_text.obj
c:\users\kolya\source\repos\kursach\x64\debug\kursach.exe
c:\users\kolya\source\repos\kursach\x64\debug\kursach.ilk
c:\users\kolya\source\repos\kursach\x64\debug\kursach.pdb
c:\users\kolya\source\repos\kursach\kursach\x64\debug\kursach.tlog\cl.command.1.tlog
c:\users\kolya\source\repos\kursach\kursach\x64\debug\kursach.tlog\cl.read.1.tlog
c:\users\kolya\source\repos\kursach\kursach\x64\debug\kursach.tlog\cl.write.1.tlog
c:\users\kolya\source\repos\kursach\kursach\x64\debug\kursach.tlog\link.command.1.tlog
c:\users\kolya\source\repos\kursach\kursach\x64\debug\kursach.tlog\link.read.1.tlog
c:\users\kolya\source\repos\kursach\kursach\x64\debug\kursach.tlog\link.write.1.tlog
